2024-11-25 20:59:49
device: cuda
{
  "train_file": "datasets/example_datasets2/train_dataset.csv",
  "val_file": "datasets/example_datasets2/val_dataset.csv",
  "multilabel": false,
  "kfold": false,
  "fold_splits": 4,
  "validation_rate": 0.15,
  "test_file": "datasets/example_datasets2/test_dataset.csv",
  "token_level": "word",
  "stop_words": false,
  "stop_words_file": "datasets/example_datasets2/stop_words.txt",
  "remove_special": true,
  "token_file": "datasets/example_datasets2/word-token2id",
  "classes": [
    "家居",
    "时尚",
    "教育",
    "财经",
    "时政",
    "娱乐",
    "科技",
    "体育",
    "游戏",
    "房产"
  ],
  "checkpoints_dir": "checkpoints/example2",
  "max_sequence_length": 50,
  "dropout_rate": 0.5,
  "metrics_average": "macro",
  "use_focal_loss": true,
  "weight": null,
  "use_poly_loss": false,
  "use_label_smoothing": false,
  "smooth_factor": 0.1,
  "use_gan": false,
  "gan_method": "pgd",
  "attack_round": 3,
  "use_r_drop": false,
  "multisample_dropout": true,
  "dropout_round": 5,
  "seed": 3407,
  "noisy_tune": false,
  "warmup": true,
  "scheduler_type": "linear",
  "num_warmup_steps": -1,
  "swa": false,
  "swa_start_step": 5000,
  "swa_lr": 1e-06,
  "anneal_epochs": 1,
  "ema": false,
  "optimizer": "AdamW",
  "init_network": false,
  "init_network_method": "xavier",
  "use_fp16": false,
  "f_model_type": "Bert",
  "ptm": "bert-base-chinese",
  "f_epoch": 30,
  "f_batch_size": 16,
  "f_learning_rate": 4e-05,
  "f_print_per_batch": 50,
  "f_is_early_stop": true,
  "f_patient": 3,
  "f_model_name": "torch.bin",
  "s_model_type": "TextCNN",
  "embedding_dim": 300,
  "num_filters": 64,
  "hidden_dim": 2048,
  "use_attention": false,
  "encoder_num": 1,
  "head_num": 12,
  "s_epoch": 100,
  "s_batch_size": 16,
  "s_learning_rate": 0.001,
  "s_print_per_batch": 50,
  "s_is_early_stop": true,
  "s_patient": 8,
  "s_model_name": "torch.bin"
}
stage: train
Initializing from scratch.
train dataset nums:6400
validation dataset nums:1600
++++++++++++++++++++training starting++++++++++++++++++++

epoch:1/30
training batch:    50, loss: 1.72280, precision: 0.222 recall: 0.259 f1: 0.217 accuracy: 0.250 
training batch:   100, loss: 0.89481, precision: 0.592 recall: 0.600 f1: 0.582 accuracy: 0.750 
training batch:   150, loss: 0.25221, precision: 0.875 recall: 0.833 f1: 0.850 accuracy: 0.938 
training batch:   200, loss: 0.04786, precision: 1.000 recall: 1.000 f1: 1.000 accuracy: 1.000 
training batch:   250, loss: 0.07173, precision: 0.889 recall: 0.833 f1: 0.852 accuracy: 0.938 
training batch:   300, loss: 0.18142, precision: 0.958 recall: 0.958 f1: 0.950 accuracy: 0.938 
training batch:   350, loss: 0.08666, precision: 0.861 recall: 0.889 f1: 0.873 accuracy: 0.938 
start evaluate engines...
家居: {'precision': 0.9637681159420289, 'recall': 0.9236111111111112, 'f1-score': 0.9432624113475179, 'support': 144.0}
时尚: {'precision': 0.9863013698630136, 'recall': 0.993103448275862, 'f1-score': 0.9896907216494845, 'support': 145.0}
教育: {'precision': 0.9806451612903225, 'recall': 0.926829268292683, 'f1-score': 0.9529780564263324, 'support': 164.0}
财经: {'precision': 0.9825581395348837, 'recall': 0.9941176470588236, 'f1-score': 0.9883040935672515, 'support': 170.0}
时政: {'precision': 0.9629629629629629, 'recall': 0.9811320754716981, 'f1-score': 0.9719626168224299, 'support': 159.0}
娱乐: {'precision': 0.9868421052631579, 'recall': 1.0, 'f1-score': 0.9933774834437086, 'support': 150.0}
科技: {'precision': 0.9813664596273292, 'recall': 0.9813664596273292, 'f1-score': 0.9813664596273292, 'support': 161.0}
体育: {'precision': 0.9938650306748467, 'recall': 0.9938650306748467, 'f1-score': 0.9938650306748467, 'support': 163.0}
游戏: {'precision': 0.9710982658959537, 'recall': 1.0, 'f1-score': 0.9853372434017595, 'support': 168.0}
房产: {'precision': 0.949438202247191, 'recall': 0.9602272727272727, 'f1-score': 0.9548022598870057, 'support': 176.0}

loss: 0.046 precision: 0.976 recall: 0.975 f1: 0.975 accuracy: 0.976 
time consumption:1.46(min)
saved the new best model with f1: 0.975

epoch:2/30
training batch:    50, loss: 0.02085, precision: 1.000 recall: 1.000 f1: 1.000 accuracy: 1.000 
training batch:   100, loss: 0.00303, precision: 1.000 recall: 1.000 f1: 1.000 accuracy: 1.000 
training batch:   150, loss: 0.06645, precision: 0.958 recall: 0.958 f1: 0.950 accuracy: 0.938 
training batch:   200, loss: 0.00396, precision: 1.000 recall: 1.000 f1: 1.000 accuracy: 1.000 
training batch:   250, loss: 0.00186, precision: 1.000 recall: 1.000 f1: 1.000 accuracy: 1.000 
training batch:   300, loss: 0.01006, precision: 1.000 recall: 1.000 f1: 1.000 accuracy: 1.000 
training batch:   350, loss: 0.00680, precision: 1.000 recall: 1.000 f1: 1.000 accuracy: 1.000 
start evaluate engines...
家居: {'precision': 0.7966101694915254, 'recall': 0.9791666666666666, 'f1-score': 0.8785046728971962, 'support': 144.0}
时尚: {'precision': 0.993103448275862, 'recall': 0.993103448275862, 'f1-score': 0.993103448275862, 'support': 145.0}
教育: {'precision': 0.974025974025974, 'recall': 0.9146341463414634, 'f1-score': 0.9433962264150942, 'support': 164.0}
财经: {'precision': 0.9940119760479041, 'recall': 0.9764705882352941, 'f1-score': 0.9851632047477744, 'support': 170.0}
时政: {'precision': 0.8681318681318682, 'recall': 0.9937106918238994, 'f1-score': 0.9266862170087976, 'support': 159.0}
娱乐: {'precision': 0.9932885906040269, 'recall': 0.9866666666666667, 'f1-score': 0.9899665551839465, 'support': 150.0}
科技: {'precision': 1.0, 'recall': 0.9254658385093167, 'f1-score': 0.9612903225806452, 'support': 161.0}
体育: {'precision': 1.0, 'recall': 1.0, 'f1-score': 1.0, 'support': 163.0}
游戏: {'precision': 1.0, 'recall': 0.9880952380952381, 'f1-score': 0.9940119760479043, 'support': 168.0}
房产: {'precision': 0.9864864864864865, 'recall': 0.8295454545454546, 'f1-score': 0.9012345679012347, 'support': 176.0}

loss: 0.076 precision: 0.961 recall: 0.959 f1: 0.957 accuracy: 0.957 
time consumption:1.46(min)

epoch:3/30
training batch:    50, loss: 0.11204, precision: 0.889 recall: 0.852 f1: 0.867 accuracy: 0.938 
training batch:   100, loss: 0.00281, precision: 1.000 recall: 1.000 f1: 1.000 accuracy: 1.000 
training batch:   150, loss: 0.00007, precision: 1.000 recall: 1.000 f1: 1.000 accuracy: 1.000 
training batch:   200, loss: 0.00029, precision: 1.000 recall: 1.000 f1: 1.000 accuracy: 1.000 
training batch:   250, loss: 0.00937, precision: 1.000 recall: 1.000 f1: 1.000 accuracy: 1.000 
training batch:   300, loss: 0.00037, precision: 1.000 recall: 1.000 f1: 1.000 accuracy: 1.000 
training batch:   350, loss: 0.01532, precision: 1.000 recall: 1.000 f1: 1.000 accuracy: 1.000 
start evaluate engines...
家居: {'precision': 0.952054794520548, 'recall': 0.9652777777777778, 'f1-score': 0.9586206896551724, 'support': 144.0}
时尚: {'precision': 1.0, 'recall': 1.0, 'f1-score': 1.0, 'support': 145.0}
教育: {'precision': 0.930635838150289, 'recall': 0.9817073170731707, 'f1-score': 0.9554896142433235, 'support': 164.0}
财经: {'precision': 0.9940476190476191, 'recall': 0.9823529411764705, 'f1-score': 0.9881656804733727, 'support': 170.0}
时政: {'precision': 0.987012987012987, 'recall': 0.9559748427672956, 'f1-score': 0.9712460063897763, 'support': 159.0}
娱乐: {'precision': 0.9930555555555556, 'recall': 0.9533333333333334, 'f1-score': 0.9727891156462586, 'support': 150.0}
科技: {'precision': 0.9814814814814815, 'recall': 0.9875776397515528, 'f1-score': 0.9845201238390092, 'support': 161.0}
体育: {'precision': 1.0, 'recall': 0.9938650306748467, 'f1-score': 0.9969230769230769, 'support': 163.0}
游戏: {'precision': 0.9939759036144579, 'recall': 0.9821428571428571, 'f1-score': 0.9880239520958084, 'support': 168.0}
房产: {'precision': 0.9277777777777778, 'recall': 0.9488636363636364, 'f1-score': 0.9382022471910112, 'support': 176.0}

loss: 0.050 precision: 0.976 recall: 0.975 f1: 0.975 accuracy: 0.975 
time consumption:1.46(min)

epoch:4/30
training batch:    50, loss: 0.00061, precision: 1.000 recall: 1.000 f1: 1.000 accuracy: 1.000 
training batch:   100, loss: 0.00075, precision: 1.000 recall: 1.000 f1: 1.000 accuracy: 1.000 
training batch:   150, loss: 0.00518, precision: 1.000 recall: 1.000 f1: 1.000 accuracy: 1.000 
training batch:   200, loss: 0.02431, precision: 0.964 recall: 0.952 f1: 0.951 accuracy: 0.938 
training batch:   250, loss: 0.01233, precision: 1.000 recall: 1.000 f1: 1.000 accuracy: 1.000 
training batch:   300, loss: 0.00012, precision: 1.000 recall: 1.000 f1: 1.000 accuracy: 1.000 
training batch:   350, loss: 0.00554, precision: 1.000 recall: 1.000 f1: 1.000 accuracy: 1.000 
start evaluate engines...
家居: {'precision': 0.8853503184713376, 'recall': 0.9652777777777778, 'f1-score': 0.9235880398671097, 'support': 144.0}
时尚: {'precision': 0.9930555555555556, 'recall': 0.9862068965517241, 'f1-score': 0.9896193771626298, 'support': 145.0}
教育: {'precision': 0.963855421686747, 'recall': 0.975609756097561, 'f1-score': 0.9696969696969697, 'support': 164.0}
财经: {'precision': 0.9712643678160919, 'recall': 0.9941176470588236, 'f1-score': 0.9825581395348837, 'support': 170.0}
时政: {'precision': 0.9627329192546584, 'recall': 0.9748427672955975, 'f1-score': 0.9687499999999999, 'support': 159.0}
娱乐: {'precision': 0.9554140127388535, 'recall': 1.0, 'f1-score': 0.9771986970684039, 'support': 150.0}
科技: {'precision': 0.9696969696969697, 'recall': 0.9937888198757764, 'f1-score': 0.9815950920245399, 'support': 161.0}
体育: {'precision': 1.0, 'recall': 1.0, 'f1-score': 1.0, 'support': 163.0}
游戏: {'precision': 1.0, 'recall': 0.9702380952380952, 'f1-score': 0.984894259818731, 'support': 168.0}
房产: {'precision': 0.9933333333333333, 'recall': 0.8465909090909091, 'f1-score': 0.9141104294478527, 'support': 176.0}

loss: 0.064 precision: 0.969 recall: 0.971 f1: 0.969 accuracy: 0.969 
time consumption:1.47(min)
early stopped, no progress obtained within 3 epochs
overall best f1 is 0.9754946376847664 at 1 epoch
total training time consumption: 5.894(min)
